<?xml version="1.0" encoding="UTF-8"?>
<!-- Generated by org.testng.reporters.JUnitReportReporter -->
<testsuite skipped="0" hostname="QT-INBG-LT0052" name="com.fb.facebook.TestLogin" tests="1" failures="0" timestamp="09 Dec 2019 10:07:31 GMT" time="31.943" errors="0">
  <testcase name="runtest" time="31.943" classname="com.fb.facebook.TestLogin"/>
</testsuite> <!-- com.fb.facebook.TestLogin -->
