<?xml version="1.0" encoding="UTF-8"?>
<!-- Generated by org.testng.reporters.JUnitReportReporter -->
<testsuite skipped="0" hostname="QT-INBG-LT0052" name="com.fb.facebook.TestSignUp" tests="1" failures="0" timestamp="09 Dec 2019 10:09:49 GMT" time="2.475" errors="0">
  <testcase name="runtest" time="2.475" classname="com.fb.facebook.TestSignUp"/>
</testsuite> <!-- com.fb.facebook.TestSignUp -->
